Removed Pin From Net: NetName=NetVD3_2 Pin=XS1-2
Removed Pin From Net: NetName=NetVD3_2 Pin=XS1-2
Removed Member From Class: ClassName=Sheet1 Member=https://www.eetimes.com/ic-audio-power-amplifiers-and-zobel-networks-one-size-does-not-fit-all/1
Change Component Designator: OldDesignator=C6 NewDesignator=C7
Change Component Designator: OldDesignator=C7 NewDesignator=C8
Change Component Designator: OldDesignator=https://www.eetimes.com/ic-audio-power-amplifiers-and-zobel-networks-one-size-does-not-fit-all/1 NewDesignator=C6
Change Component Designator: OldDesignator=R4 NewDesignator=R5
Change Component Designator: OldDesignator=R5 NewDesignator=R4
Change Component Designator: OldDesignator=VT3 NewDesignator=VT4
Change Component Designator: OldDesignator=VT4 NewDesignator=VT3
Change Net Name : Old Net Name=NetC6_1 New Net Name=NetC7_1
Change Net Name : Old Net Name=NetC6_2 New Net Name=NetC7_2
Change Net Name : Old Net Name=NetC7_2 New Net Name=NetC8_2
Change Net Name : Old Net Name=Nethttps://www.eetimes.com/ic-audio-power-amplifiers-and-zobel-networks-one-size-does-not-fit-all/1_1 New Net Name=NetC6_1
Change Net Name : Old Net Name=NetR4_2 New Net Name=NetR5_2
Change Net Name : Old Net Name=NetR5_1 New Net Name=NetR4_1
Change Net Color : Old Net Color=Black New Net Color=Default
Change Net Color : Old Net Color=Black New Net Color=Default
Change Net Color : Old Net Color=RGB(158, 161, 117) New Net Color=Black
Change Net Color : Old Net Color=Black New Net Color=Default
Change Net Color : Old Net Color=Black New Net Color=Default
Added Member To Class: ClassName=Sheet1 Member=Component C8 2200uF 35V
Added Member To Class: ClassName=Sheet1 Member=Component R11 Resistor 0.25W
Added Member To Class: ClassName=Sheet1 Member=Component R13 Resistor 1W
Added Member To Class: ClassName=Sheet1 Member=Component R15 Resistor 0.25W
Added Member To Class: ClassName=Sheet1 Member=Component R17 Resistor 0.25W
Added Member To Class: ClassName=Sheet1 Member=Component R18 Resistor 0.25W
Added Member To Class: ClassName=Sheet1 Member=Component VD2 Diode 1N4002
Added Member To Class: ClassName=Sheet1 Member=Component VT7 IRF9510PBF
