Change Component Designator: OldDesignator=C1 NewDesignator=C2
Change Component Designator: OldDesignator=C2 NewDesignator=C6
Change Component Designator: OldDesignator=C3 NewDesignator=C5
Change Component Designator: OldDesignator=C4 NewDesignator=C1
Change Component Designator: OldDesignator=C5 NewDesignator=C3
Change Component Designator: OldDesignator=C6 NewDesignator=C7
Change Component Designator: OldDesignator=C7 NewDesignator=C4
Change Component Designator: OldDesignator=R1 NewDesignator=R7
Change Component Designator: OldDesignator=R2 NewDesignator=R12
Change Component Designator: OldDesignator=R3 NewDesignator=R4
Change Component Designator: OldDesignator=R4 NewDesignator=R13
Change Component Designator: OldDesignator=R5 NewDesignator=R1
Change Component Designator: OldDesignator=R6 NewDesignator=R11
Change Component Designator: OldDesignator=R7 NewDesignator=R14
Change Component Designator: OldDesignator=R8 NewDesignator=R17
Change Component Designator: OldDesignator=R9 NewDesignator=R2
Change Component Designator: OldDesignator=R10 NewDesignator=R8
Change Component Designator: OldDesignator=R11 NewDesignator=R6
Change Component Designator: OldDesignator=R12 NewDesignator=R16
Change Component Designator: OldDesignator=R13 NewDesignator=R18
Change Component Designator: OldDesignator=R14 NewDesignator=R10
Change Component Designator: OldDesignator=R16 NewDesignator=R9
Change Component Designator: OldDesignator=R17 NewDesignator=R3
Change Component Designator: OldDesignator=R18 NewDesignator=R5
Change Component Designator: OldDesignator=VD1 NewDesignator=VD2
Change Component Designator: OldDesignator=VD2 NewDesignator=VD1
Change Component Designator: OldDesignator=VT1 NewDesignator=VT7
Change Component Designator: OldDesignator=VT2 NewDesignator=VT6
Change Component Designator: OldDesignator=VT3 NewDesignator=VT1
Change Component Designator: OldDesignator=VT4 NewDesignator=VT2
Change Component Designator: OldDesignator=VT5 NewDesignator=VT3
Change Component Designator: OldDesignator=VT6 NewDesignator=VT5
Change Component Designator: OldDesignator=VT7 NewDesignator=VT8
Change Component Designator: OldDesignator=VT8 NewDesignator=VT4
Change Net Name : Old Net Name=NetC1_1 New Net Name=NetC2_1
Change Net Name : Old Net Name=NetC2_1 New Net Name=NetC6_1
Change Net Name : Old Net Name=NetC3_1 New Net Name=NetC5_1
Change Net Name : Old Net Name=NetC3_2 New Net Name=NetC5_2
Change Net Name : Old Net Name=NetC4_1 New Net Name=NetC1_1
Change Net Name : Old Net Name=NetC5_1 New Net Name=NetC3_1
Change Net Name : Old Net Name=NetC6_1 New Net Name=NetC7_1
Change Net Name : Old Net Name=NetC7_1 New Net Name=NetC4_1
Change Net Name : Old Net Name=NetC7_2 New Net Name=NetC4_2
Change Net Name : Old Net Name=NetR3_2 New Net Name=NetR4_2
Change Net Name : Old Net Name=NetR4_1 New Net Name=NetR11_2
Change Net Name : Old Net Name=NetR5_2 New Net Name=NetR1_2
Change Net Name : Old Net Name=NetR6_1 New Net Name=NetR11_1
Change Net Name : Old Net Name=NetR7_2 New Net Name=NetR14_2
Change Net Name : Old Net Name=NetR8_2 New Net Name=NetR17_2
Change Net Name : Old Net Name=NetR9_2 New Net Name=NetR2_2
Change Net Name : Old Net Name=NetR10_1 New Net Name=NetR6_1
Change Net Name : Old Net Name=NetR12_1 New Net Name=NetR16_1
Change Net Name : Old Net Name=NetR14_2 New Net Name=NetR10_2
Change Net Name : Old Net Name=NetR16_2 New Net Name=NetR3_2
Change Net Name : Old Net Name=NetR18_2 New Net Name=NetR5_2
Change Net Name : Old Net Name=NetVD1_1 New Net Name=NetVD2_1
Change Net Color : Old Net Color=Black New Net Color=Default
Change Net Color : Old Net Color=Black New Net Color=Default
Change Net Color : Old Net Color=RGB(158, 161, 117) New Net Color=Black
Change Net Color : Old Net Color=Black New Net Color=Default
Change Net Color : Old Net Color=RGB(158, 161, 117) New Net Color=Black
Change Net Color : Old Net Color=Black New Net Color=Default
Change Net Color : Old Net Color=Black New Net Color=Default
Change Net Color : Old Net Color=Black New Net Color=Default
Change Net Color : Old Net Color=RGB(158, 161, 117) New Net Color=Black
