Removed Pin From Net: NetName=NetR17_2 Pin=-2
Removed Pin From Net: NetName=NetR17_2 Pin=VT7-1
Removed Pin From Net: NetName=NetR17_2 Pin=VT7-2
Removed Pin From Net: NetName=NetR17_2 Pin=VT7-3
Removed Pin From Net: NetName=NetC6_2 Pin=VT10-1
Removed Pin From Net: NetName=NetC6_1 Pin=VT10-2
Removed Pin From Net: NetName=NetC7_2 Pin=VT10-3
Change Component Comment : Designator=XS1 Old Comment=Audio Connector 3 pin New Comment=Общий
Change Component Comment : Designator= Old Comment=BC546C New Comment=Transistor NPN BC546C
Change Component Comment : Designator=XS3 Old Comment=Connector Power 3 pin New Comment=Общий
Change Component Designator: OldDesignator= NewDesignator=VT8
Change Component Designator: OldDesignator=R11 NewDesignator=RP1
Change Component Designator: OldDesignator=R12 NewDesignator=R11
Change Component Designator: OldDesignator=R13 NewDesignator=R12
Change Component Designator: OldDesignator=R14 NewDesignator=R13
Change Component Designator: OldDesignator=R15 NewDesignator=R14
Change Component Designator: OldDesignator=R16 NewDesignator=R15
Change Component Designator: OldDesignator=R17 NewDesignator=R16
Change Component Designator: OldDesignator=R18 NewDesignator=R17
Change Component Designator: OldDesignator=R19 NewDesignator=R18
Change Component Designator: OldDesignator=VD1 NewDesignator=VD2
Change Component Designator: OldDesignator=VD2 NewDesignator=VD1
Change Component Designator: OldDesignator=VT9 NewDesignator=VT7
Change Component Designator: OldDesignator=XS2 NewDesignator=XP1
Change Component Designator: OldDesignator=XS3 NewDesignator=XP2
Added Pin To Net: NetName=NetC6_2 Pin=VT8-1
Added Pin To Net: NetName=NetC6_1 Pin=VT8-2
Added Pin To Net: NetName=NetC7_2 Pin=VT8-3
Change Net Name : Old Net Name=NetR11_2 New Net Name=NetRP1_2
Change Net Name : Old Net Name=NetR11_3 New Net Name=NetR14_2
Change Net Name : Old Net Name=NetR13_1 New Net Name=NetR12_1
Change Net Name : Old Net Name=NetR16_2 New Net Name=NetR15_2
Change Net Name : Old Net Name=NetR17_2 New Net Name=NetR16_2
Change Net Name : Old Net Name=NetVD2_1 New Net Name=NetVD1_1
Change Net Color : Old Net Color=RGB(158, 161, 117) New Net Color=Black
Change Net Color : Old Net Color=RGB(158, 161, 117) New Net Color=Black
Change Net Color : Old Net Color=RGB(158, 161, 117) New Net Color=Black
Change Net Color : Old Net Color=RGB(158, 161, 117) New Net Color=Black
Change Net Color : Old Net Color=RGB(158, 161, 117) New Net Color=Black
Change Net Color : Old Net Color=RGB(158, 161, 117) New Net Color=Black
Change Net Color : Old Net Color=RGB(158, 161, 117) New Net Color=Black
Change Net Color : Old Net Color=RGB(158, 161, 117) New Net Color=Black
Change Net Color : Old Net Color=RGB(158, 161, 117) New Net Color=Black
Change Net Color : Old Net Color=RGB(158, 161, 117) New Net Color=Black
Change Net Color : Old Net Color=RGB(158, 161, 117) New Net Color=Black
Change Net Color : Old Net Color=RGB(158, 161, 117) New Net Color=Black
Change Net Color : Old Net Color=RGB(158, 161, 117) New Net Color=Black
Change Net Color : Old Net Color=RGB(158, 161, 117) New Net Color=Black
Change Net Color : Old Net Color=RGB(158, 161, 117) New Net Color=Black
Change Net Color : Old Net Color=RGB(158, 161, 117) New Net Color=Black
Change Net Color : Old Net Color=RGB(158, 161, 117) New Net Color=Black
Change Net Color : Old Net Color=RGB(158, 161, 117) New Net Color=Black
Change Net Color : Old Net Color=RGB(158, 161, 117) New Net Color=Black
Change Net Color : Old Net Color=RGB(158, 161, 117) New Net Color=Black
Added Pin To Net: NetName=NetR18_2 Pin=R18-2
Added Pin To Net: NetName=NetR18_2 Pin=VT3-1
Added Net: Name=NetR18_2
Added Member To Class: ClassName=Sheet1 Member=Component R12 Resistor 5W
Added Member To Class: ClassName=Sheet1 Member=Component R14 Resistor 0.25W
Added Member To Class: ClassName=Sheet1 Member=Component R16 Resistor 0.25W
Added Member To Class: ClassName=Sheet1 Member=Component R17 Resistor 0.25W
Added Member To Class: ClassName=Sheet1 Member=Component R18 Resistor 0.25W
Added Member To Class: ClassName=Sheet1 Member=Component RP1 Resistor film, =Value, , 3296W, 0.5W, -55...+125°C
Added Member To Class: ClassName=Sheet1 Member=Component VD2 Diode 1N4002
Added Member To Class: ClassName=Sheet1 Member=Component VT7 IRF9510PBF
Added Member To Class: ClassName=Sheet1 Member=Component XP1 Connector Dynamic 2 pin
Added Member To Class: ClassName=Sheet1 Member=Component XP2 Общий
