Replace Part C1 Cap Polarity 47uF 50V in D:\misha\bmstu\AltiumBMSTU\siemens_kur\amplifier60w\Sheet1.SchDoc with Cap Polarity 47uF 50V from Schlib1.SchLib
Replace Part C2 Cap Polarity 2200uF 35V in D:\misha\bmstu\AltiumBMSTU\siemens_kur\amplifier60w\Sheet1.SchDoc with Cap Polarity 2200uF 35V from Schlib1.SchLib
Replace Part C3 Cap Polarity 47uF 50V in D:\misha\bmstu\AltiumBMSTU\siemens_kur\amplifier60w\Sheet1.SchDoc with Cap Polarity 47uF 50V from Schlib1.SchLib
Replace Part C4 Cap Ceramic 100pF in D:\misha\bmstu\AltiumBMSTU\siemens_kur\amplifier60w\Sheet1.SchDoc with Cap Ceramic 100pF from Schlib1.SchLib
Replace Part C5 Cap Polarity 100uF 100V in D:\misha\bmstu\AltiumBMSTU\siemens_kur\amplifier60w\Sheet1.SchDoc with Cap Polarity 100uF 100V from Schlib1.SchLib
Replace Part C6 Cap Ceramic 100pF in D:\misha\bmstu\AltiumBMSTU\siemens_kur\amplifier60w\Sheet1.SchDoc with Cap Ceramic 100pF from Schlib1.SchLib
Replace Part C7 Cap Polarity 2200uF 35V in D:\misha\bmstu\AltiumBMSTU\siemens_kur\amplifier60w\Sheet1.SchDoc with Cap Polarity 2200uF 35V from Schlib1.SchLib
Replace Part https://www.eetimes.com/ic-audio-power-amplifiers-and-zobel-networks-one-size-does-not-fit-all/1 Cap Film 0.68uF 250V in D:\misha\bmstu\AltiumBMSTU\siemens_kur\amplifier60w\Sheet1.SchDoc with Cap Film 0.68uF 250V from Schlib1.SchLib
Replace Part R1 Resistor 0.25W in D:\misha\bmstu\AltiumBMSTU\siemens_kur\amplifier60w\Sheet1.SchDoc with Resistor 0.25W from Schlib1.SchLib
Replace Part R2 Resistor 0.25W in D:\misha\bmstu\AltiumBMSTU\siemens_kur\amplifier60w\Sheet1.SchDoc with Resistor 0.25W from Schlib1.SchLib
Replace Part R3 Resistor 1W in D:\misha\bmstu\AltiumBMSTU\siemens_kur\amplifier60w\Sheet1.SchDoc with Resistor 1W from Schlib1.SchLib
Replace Part R4 Resistor 0.25W in D:\misha\bmstu\AltiumBMSTU\siemens_kur\amplifier60w\Sheet1.SchDoc with Resistor 0.25W from Schlib1.SchLib
Replace Part R5 Resistor 0.25W in D:\misha\bmstu\AltiumBMSTU\siemens_kur\amplifier60w\Sheet1.SchDoc with Resistor 0.25W from Schlib1.SchLib
Replace Part R6 Resistor 0.25W in D:\misha\bmstu\AltiumBMSTU\siemens_kur\amplifier60w\Sheet1.SchDoc with Resistor 0.25W from Schlib1.SchLib
Replace Part R7 Resistor 0.25W in D:\misha\bmstu\AltiumBMSTU\siemens_kur\amplifier60w\Sheet1.SchDoc with Resistor 0.25W from Schlib1.SchLib
Replace Part R8 Resistor 5W in D:\misha\bmstu\AltiumBMSTU\siemens_kur\amplifier60w\Sheet1.SchDoc with Resistor 5W from Schlib1.SchLib
Replace Part R9 Resistor 0.25W in D:\misha\bmstu\AltiumBMSTU\siemens_kur\amplifier60w\Sheet1.SchDoc with Resistor 0.25W from Schlib1.SchLib
Replace Part R10 Resistor 0.25W in D:\misha\bmstu\AltiumBMSTU\siemens_kur\amplifier60w\Sheet1.SchDoc with Resistor 0.25W from Schlib1.SchLib
Replace Part R11 Resistor 0.25W in D:\misha\bmstu\AltiumBMSTU\siemens_kur\amplifier60w\Sheet1.SchDoc with Resistor 0.25W from Schlib1.SchLib
Replace Part R12 Resistor 5W in D:\misha\bmstu\AltiumBMSTU\siemens_kur\amplifier60w\Sheet1.SchDoc with Resistor 5W from Schlib1.SchLib
Replace Part R13 Resistor 1W in D:\misha\bmstu\AltiumBMSTU\siemens_kur\amplifier60w\Sheet1.SchDoc with Resistor 1W from Schlib1.SchLib
Replace Part R14 Resistor 0.25W in D:\misha\bmstu\AltiumBMSTU\siemens_kur\amplifier60w\Sheet1.SchDoc with Resistor 0.25W from Schlib1.SchLib
Replace Part R15 Resistor 0.25W in D:\misha\bmstu\AltiumBMSTU\siemens_kur\amplifier60w\Sheet1.SchDoc with Resistor 0.25W from Schlib1.SchLib
Replace Part R16 Resistor 0.25W in D:\misha\bmstu\AltiumBMSTU\siemens_kur\amplifier60w\Sheet1.SchDoc with Resistor 0.25W from Schlib1.SchLib
Replace Part R17 Resistor 0.25W in D:\misha\bmstu\AltiumBMSTU\siemens_kur\amplifier60w\Sheet1.SchDoc with Resistor 0.25W from Schlib1.SchLib
Replace Part R18 Resistor 0.25W in D:\misha\bmstu\AltiumBMSTU\siemens_kur\amplifier60w\Sheet1.SchDoc with Resistor 0.25W from Schlib1.SchLib
Replace Part RP1 Resistor Trimmer 1K in D:\misha\bmstu\AltiumBMSTU\siemens_kur\amplifier60w\Sheet1.SchDoc with Resistor Trimmer 1K from Schlib1.SchLib
Replace Part VD1 Diode 15SQ045 in D:\misha\bmstu\AltiumBMSTU\siemens_kur\amplifier60w\Sheet1.SchDoc with Diode 15SQ045 from Schlib1.SchLib
Replace Part VD2 Diode 1N4002 in D:\misha\bmstu\AltiumBMSTU\siemens_kur\amplifier60w\Sheet1.SchDoc with Diode 1N4002 from Schlib1.SchLib
Replace Part VD3 Diode 15SQ045 in D:\misha\bmstu\AltiumBMSTU\siemens_kur\amplifier60w\Sheet1.SchDoc with Diode 15SQ045 from Schlib1.SchLib
Replace Part VT5 Transistor NPN BC546C in D:\misha\bmstu\AltiumBMSTU\siemens_kur\amplifier60w\Sheet1.SchDoc with Transistor NPN BC546C from Schlib1.SchLib
Replace Part VT8 Transistor N-Mosfet BS170 in D:\misha\bmstu\AltiumBMSTU\siemens_kur\amplifier60w\Sheet1.SchDoc with Transistor N-Mosfet BS170 from Schlib1.SchLib
Replace Part XP1 Connector Dynamic 2 pin in D:\misha\bmstu\AltiumBMSTU\siemens_kur\amplifier60w\Sheet1.SchDoc with Connector Dynamic 2 pin from Schlib1.SchLib
Replace Part XP2 Connector Power 3 pin in D:\misha\bmstu\AltiumBMSTU\siemens_kur\amplifier60w\Sheet1.SchDoc with Connector Power 3 pin from Schlib1.SchLib
